<?xml version="1.0" encoding="UTF-8"?>
<!-- Generated by org.testng.reporters.JUnitReportReporter -->
<testsuite hostname="LAPTOP-7TSBCCPS" failures="0" tests="1" name="adactin.jenkindemo" time="13.862" errors="0" timestamp="2021-11-18T19:15:52 IST" skipped="0">
  <testcase classname="adactin.jenkindemo" name="f" time="13.862"/>
  <system-out/>
</testsuite> <!-- adactin.jenkindemo -->
